[0.027s] Invoking command in '/home/ziyar/project_gazebo_ws/src/build/cfclient': /usr/bin/cmake /home/ziyar/project_gazebo_ws/src/crazyflie-clients-python -DCATKIN_INSTALL_INTO_PREFIX_ROOT=0 -DCMAKE_INSTALL_PREFIX=/home/ziyar/project_gazebo_ws/src/install/cfclient
[0.183s] -- Configuring incomplete, errors occurred!
[0.183s] See also "/home/ziyar/project_gazebo_ws/src/build/cfclient/CMakeFiles/CMakeOutput.log".
[0.184s] [0mCMake Deprecation Warning at CMakeLists.txt:1 (cmake_minimum_required):
[0.184s]   Compatibility with CMake < 2.8.12 will be removed from a future version of
[0.184s]   CMake.
[0.184s] 
[0.184s]   Update the VERSION argument <min> value or use a ...<max> suffix to tell
[0.184s]   CMake that the project does not need compatibility with older versions.
[0.184s] 
[0.184s] [0m
[0.184s] [31mCMake Error at CMakeLists.txt:3 (find_package):
[0.185s]   By not providing "Findcatkin.cmake" in CMAKE_MODULE_PATH this project has
[0.185s]   asked CMake to find a package configuration file provided by "catkin", but
[0.185s]   CMake did not find one.
[0.185s] 
[0.185s]   Could not find a package configuration file provided by "catkin" with any
[0.185s]   of the following names:
[0.185s] 
[0.185s]     catkinConfig.cmake
[0.185s]     catkin-config.cmake
[0.185s] 
[0.185s]   Add the installation prefix of "catkin" to CMAKE_PREFIX_PATH or set
[0.185s]   "catkin_DIR" to a directory containing one of the above files.  If "catkin"
[0.185s]   provides a separate development package or SDK, be sure it has been
[0.185s]   installed.
[0.185s] 
[0.185s] [0m
[0.340s] Invoked command in '/home/ziyar/project_gazebo_ws/src/build/cfclient' returned '1': /usr/bin/cmake /home/ziyar/project_gazebo_ws/src/crazyflie-clients-python -DCATKIN_INSTALL_INTO_PREFIX_ROOT=0 -DCMAKE_INSTALL_PREFIX=/home/ziyar/project_gazebo_ws/src/install/cfclient
